TRACE:2016/07/15 15:20:33 main.go:195: Update success, redis 1
TRACE:2016/07/15 15:20:38 main.go:195: Update success, redis 1
TRACE:2016/07/15 15:20:43 main.go:195: Update success, redis 1
TRACE:2016/07/15 15:20:48 main.go:195: Update success, redis 1
TRACE:2016/07/15 15:20:53 main.go:195: Update success, redis 1
TRACE:2016/07/15 15:20:58 main.go:195: Update success, redis 1
TRACE:2016/07/15 15:21:03 main.go:195: Update success, redis 1
TRACE:2016/07/15 15:21:08 main.go:195: Update success, redis 1
TRACE:2016/07/15 15:21:14 main.go:195: Update success, redis 1
TRACE:2016/07/15 15:21:19 main.go:195: Update success, redis 1
TRACE:2016/07/15 15:21:24 main.go:195: Update success, redis 1
TRACE:2016/07/15 15:21:29 main.go:195: Update success, redis 1
TRACE:2016/07/15 15:21:34 main.go:195: Update success, redis 1
TRACE:2016/07/15 15:21:39 main.go:195: Update success, redis 1
TRACE:2016/07/15 15:21:44 main.go:195: Update success, redis 1
TRACE:2016/07/15 15:25:16 main.go:195: Update success, redis 1
TRACE:2016/07/15 15:25:21 main.go:195: Update success, redis 1
TRACE:2016/07/15 15:25:26 main.go:195: Update success, redis 1
TRACE:2016/07/15 15:27:08 main.go:197: Update success, redis 1
TRACE:2016/07/15 15:27:13 main.go:197: Update success, redis 1
TRACE:2016/07/15 15:36:54 main.go:197: Update success, redis 1
TRACE:2016/07/15 15:42:07 main.go:197: Update success, mongo 1
TRACE:2016/07/15 17:53:49 main.go:153: need not update, key:redis,v:1
TRACE:2016/07/15 17:53:49 main.go:153: need not update, key:mongo,v:1
TRACE:2016/07/15 17:53:54 main.go:186: client heart beats
TRACE:2016/07/15 17:53:54 main.go:153: need not update, key:redis,v:1
TRACE:2016/07/15 17:53:54 main.go:153: need not update, key:mongo,v:1
TRACE:2016/07/15 17:53:59 main.go:186: client heart beats
TRACE:2016/07/15 17:53:59 main.go:153: need not update, key:redis,v:1
TRACE:2016/07/15 17:53:59 main.go:153: need not update, key:mongo,v:1
TRACE:2016/07/15 17:54:04 main.go:186: client heart beats
TRACE:2016/07/15 17:54:04 main.go:153: need not update, key:redis,v:1
TRACE:2016/07/15 17:54:04 main.go:153: need not update, key:mongo,v:1
TRACE:2016/07/15 17:54:09 main.go:186: client heart beats
TRACE:2016/07/15 17:54:09 main.go:153: need not update, key:redis,v:1
TRACE:2016/07/15 17:54:09 main.go:153: need not update, key:mongo,v:1
